# JRE version: Java(TM) SE Runtime Environment (8.0_281-b09) (build 1.8.0_281-b09)
# Java VM: Java HotSpot(TM) 64-Bit Server VM (25.281-b09 mixed mode bsd-amd64 compressed oops)
Heap:
 PSYoungGen      total 38400K, used 16721K [0x0000000795580000, 0x0000000798a80000, 0x00000007c0000000)
  eden space 33280K, 36% used [0x0000000795580000,0x0000000796165bc0,0x0000000797600000)
  from space 5120K, 88% used [0x0000000797600000,0x0000000797a6eaa0,0x0000000797b00000)
  to   space 5120K, 0% used [0x0000000798580000,0x0000000798580000,0x0000000798a80000)
 ParOldGen       total 76288K, used 21962K [0x0000000740000000, 0x0000000744a80000, 0x0000000795580000)
  object space 76288K, 28% used [0x0000000740000000,0x0000000741572998,0x0000000744a80000)
 Metaspace       used 26380K, capacity 27478K, committed 27648K, reserved 1073152K
  class space    used 3561K, capacity 3828K, committed 3840K, reserved 1048576K
GC Heap History (8 events):
Event: 1.217 GC heap before
{Heap before GC invocations=1 (full 0):
 PSYoungGen      total 38400K, used 33280K [0x0000000795580000, 0x0000000798000000, 0x00000007c0000000)
  eden space 33280K, 100% used [0x0000000795580000,0x0000000797600000,0x0000000797600000)
  from space 5120K, 0% used [0x0000000797b00000,0x0000000797b00000,0x0000000798000000)
  to   space 5120K, 0% used [0x0000000797600000,0x0000000797600000,0x0000000797b00000)
 ParOldGen       total 87552K, used 0K [0x0000000740000000, 0x0000000745580000, 0x0000000795580000)
  object space 87552K, 0% used [0x0000000740000000,0x0000000740000000,0x0000000745580000)
 Metaspace       used 13517K, capacity 13972K, committed 14208K, reserved 1060864K
  class space    used 1693K, capacity 1843K, committed 1920K, reserved 1048576K
Event: 1.225 GC heap after
Heap after GC invocations=1 (full 0):
 PSYoungGen      total 38400K, used 5107K [0x0000000795580000, 0x0000000798000000, 0x00000007c0000000)
  eden space 33280K, 0% used [0x0000000795580000,0x0000000795580000,0x0000000797600000)
  from space 5120K, 99% used [0x0000000797600000,0x0000000797afceb8,0x0000000797b00000)
  to   space 5120K, 0% used [0x0000000797b00000,0x0000000797b00000,0x0000000798000000)
 ParOldGen       total 87552K, used 6267K [0x0000000740000000, 0x0000000745580000, 0x0000000795580000)
  object space 87552K, 7% used [0x0000000740000000,0x000000074061eff0,0x0000000745580000)
 Metaspace       used 13517K, capacity 13972K, committed 14208K, reserved 1060864K
  class space    used 1693K, capacity 1843K, committed 1920K, reserved 1048576K
}
Event: 2.245 GC heap before
{Heap before GC invocations=2 (full 0):
 PSYoungGen      total 38400K, used 32463K [0x0000000795580000, 0x0000000798000000, 0x00000007c0000000)
  eden space 33280K, 82% used [0x0000000795580000,0x0000000797037010,0x0000000797600000)
  from space 5120K, 99% used [0x0000000797600000,0x0000000797afceb8,0x0000000797b00000)
  to   space 5120K, 0% used [0x0000000797b00000,0x0000000797b00000,0x0000000798000000)
 ParOldGen       total 87552K, used 6267K [0x0000000740000000, 0x0000000745580000, 0x0000000795580000)
  object space 87552K, 7% used [0x0000000740000000,0x000000074061eff0,0x0000000745580000)
 Metaspace       used 20686K, capacity 21160K, committed 21248K, reserved 1067008K
  class space    used 2632K, capacity 2793K, committed 2816K, reserved 1048576K
Event: 2.259 GC heap after
Heap after GC invocations=2 (full 0):
 PSYoungGen      total 38400K, used 5088K [0x0000000795580000, 0x000000079a080000, 0x00000007c0000000)
  eden space 33280K, 0% used [0x0000000795580000,0x0000000795580000,0x0000000797600000)
  from space 5120K, 99% used [0x0000000797b00000,0x0000000797ff8040,0x0000000798000000)
  to   space 5120K, 0% used [0x0000000797600000,0x0000000797600000,0x0000000797b00000)
 ParOldGen       total 87552K, used 11143K [0x0000000740000000, 0x0000000745580000, 0x0000000795580000)
  object space 87552K, 12% used [0x0000000740000000,0x0000000740ae1df0,0x0000000745580000)
 Metaspace       used 20686K, capacity 21160K, committed 21248K, reserved 1067008K
  class space    used 2632K, capacity 2793K, committed 2816K, reserved 1048576K
}
Event: 2.259 GC heap before
{Heap before GC invocations=3 (full 1):
 PSYoungGen      total 38400K, used 5088K [0x0000000795580000, 0x000000079a080000, 0x00000007c0000000)
  eden space 33280K, 0% used [0x0000000795580000,0x0000000795580000,0x0000000797600000)
  from space 5120K, 99% used [0x0000000797b00000,0x0000000797ff8040,0x0000000798000000)
  to   space 5120K, 0% used [0x0000000797600000,0x0000000797600000,0x0000000797b00000)
 ParOldGen       total 87552K, used 11143K [0x0000000740000000, 0x0000000745580000, 0x0000000795580000)
  object space 87552K, 12% used [0x0000000740000000,0x0000000740ae1df0,0x0000000745580000)
 Metaspace       used 20686K, capacity 21160K, committed 21248K, reserved 1067008K
  class space    used 2632K, capacity 2793K, committed 2816K, reserved 1048576K
Event: 2.295 GC heap after
Heap after GC invocations=3 (full 1):
 PSYoungGen      total 38400K, used 0K [0x0000000795580000, 0x000000079a080000, 0x00000007c0000000)
  eden space 33280K, 0% used [0x0000000795580000,0x0000000795580000,0x0000000797600000)
  from space 5120K, 0% used [0x0000000797b00000,0x0000000797b00000,0x0000000798000000)
  to   space 5120K, 0% used [0x0000000797600000,0x0000000797600000,0x0000000797b00000)
 ParOldGen       total 76288K, used 15879K [0x0000000740000000, 0x0000000744a80000, 0x0000000795580000)
  object space 76288K, 20% used [0x0000000740000000,0x0000000740f81d88,0x0000000744a80000)
 Metaspace       used 20686K, capacity 21160K, committed 21248K, reserved 1067008K
  class space    used 2632K, capacity 2793K, committed 2816K, reserved 1048576K
}
Event: 6.400 GC heap before
{Heap before GC invocations=4 (full 1):
 PSYoungGen      total 38400K, used 28105K [0x0000000795580000, 0x000000079a080000, 0x00000007c0000000)
  eden space 33280K, 84% used [0x0000000795580000,0x00000007970f2678,0x0000000797600000)
  from space 5120K, 0% used [0x0000000797b00000,0x0000000797b00000,0x0000000798000000)
  to   space 5120K, 0% used [0x0000000797600000,0x0000000797600000,0x0000000797b00000)
 ParOldGen       total 76288K, used 15879K [0x0000000740000000, 0x0000000744a80000, 0x0000000795580000)
  object space 76288K, 20% used [0x0000000740000000,0x0000000740f81d88,0x0000000744a80000)
 Metaspace       used 25788K, capacity 26856K, committed 27136K, reserved 1073152K
  class space    used 3506K, capacity 3719K, committed 3840K, reserved 1048576K
Event: 6.406 GC heap after
Heap after GC invocations=4 (full 1):
 PSYoungGen      total 38400K, used 4538K [0x0000000795580000, 0x0000000798a80000, 0x00000007c0000000)
  eden space 33280K, 0% used [0x0000000795580000,0x0000000795580000,0x0000000797600000)
  from space 5120K, 88% used [0x0000000797600000,0x0000000797a6eaa0,0x0000000797b00000)
  to   space 5120K, 0% used [0x0000000798580000,0x0000000798580000,0x0000000798a80000)
 ParOldGen       total 76288K, used 21962K [0x0000000740000000, 0x0000000744a80000, 0x0000000795580000)
  object space 76288K, 28% used [0x0000000740000000,0x0000000741572998,0x0000000744a80000)
 Metaspace       used 25788K, capacity 26856K, committed 27136K, reserved 1073152K
  class space    used 3506K, capacity 3719K, committed 3840K, reserved 1048576K
}

