# JRE version: Java(TM) SE Runtime Environment (8.0_281-b09) (build 1.8.0_281-b09)
# Java VM: Java HotSpot(TM) 64-Bit Server VM (25.281-b09 mixed mode bsd-amd64 compressed oops)
Heap:
 PSYoungGen      total 38400K, used 5070K [0x0000000795580000, 0x0000000798a00000, 0x00000007c0000000)
  eden space 33280K, 2% used [0x0000000795580000,0x000000079566fea8,0x0000000797600000)
  from space 5120K, 80% used [0x0000000797600000,0x0000000797a03ae0,0x0000000797b00000)
  to   space 5120K, 0% used [0x0000000798500000,0x0000000798500000,0x0000000798a00000)
 ParOldGen       total 67584K, used 8911K [0x0000000740000000, 0x0000000744200000, 0x0000000795580000)
  object space 67584K, 13% used [0x0000000740000000,0x00000007408b3c20,0x0000000744200000)
 Metaspace       used 26614K, capacity 27650K, committed 27776K, reserved 1073152K
  class space    used 3420K, capacity 3660K, committed 3712K, reserved 1048576K
GC Heap History (8 events):
Event: 1.567 GC heap before
{Heap before GC invocations=1 (full 0):
 PSYoungGen      total 38400K, used 33280K [0x0000000795580000, 0x0000000798000000, 0x00000007c0000000)
  eden space 33280K, 100% used [0x0000000795580000,0x0000000797600000,0x0000000797600000)
  from space 5120K, 0% used [0x0000000797b00000,0x0000000797b00000,0x0000000798000000)
  to   space 5120K, 0% used [0x0000000797600000,0x0000000797600000,0x0000000797b00000)
 ParOldGen       total 87552K, used 0K [0x0000000740000000, 0x0000000745580000, 0x0000000795580000)
  object space 87552K, 0% used [0x0000000740000000,0x0000000740000000,0x0000000745580000)
 Metaspace       used 12483K, capacity 12900K, committed 13184K, reserved 1060864K
  class space    used 1443K, capacity 1578K, committed 1664K, reserved 1048576K
Event: 1.574 GC heap after
Heap after GC invocations=1 (full 0):
 PSYoungGen      total 38400K, used 5103K [0x0000000795580000, 0x0000000798000000, 0x00000007c0000000)
  eden space 33280K, 0% used [0x0000000795580000,0x0000000795580000,0x0000000797600000)
  from space 5120K, 99% used [0x0000000797600000,0x0000000797afbe70,0x0000000797b00000)
  to   space 5120K, 0% used [0x0000000797b00000,0x0000000797b00000,0x0000000798000000)
 ParOldGen       total 87552K, used 2488K [0x0000000740000000, 0x0000000745580000, 0x0000000795580000)
  object space 87552K, 2% used [0x0000000740000000,0x000000074026e028,0x0000000745580000)
 Metaspace       used 12483K, capacity 12900K, committed 13184K, reserved 1060864K
  class space    used 1443K, capacity 1578K, committed 1664K, reserved 1048576K
}
Event: 3.803 GC heap before
{Heap before GC invocations=2 (full 0):
 PSYoungGen      total 38400K, used 29258K [0x0000000795580000, 0x0000000798000000, 0x00000007c0000000)
  eden space 33280K, 72% used [0x0000000795580000,0x0000000796d16a78,0x0000000797600000)
  from space 5120K, 99% used [0x0000000797600000,0x0000000797afbe70,0x0000000797b00000)
  to   space 5120K, 0% used [0x0000000797b00000,0x0000000797b00000,0x0000000798000000)
 ParOldGen       total 87552K, used 2488K [0x0000000740000000, 0x0000000745580000, 0x0000000795580000)
  object space 87552K, 2% used [0x0000000740000000,0x000000074026e028,0x0000000745580000)
 Metaspace       used 20548K, capacity 21032K, committed 21296K, reserved 1069056K
  class space    used 2479K, capacity 2619K, committed 2688K, reserved 1048576K
Event: 3.814 GC heap after
Heap after GC invocations=2 (full 0):
 PSYoungGen      total 38400K, used 5104K [0x0000000795580000, 0x0000000798000000, 0x00000007c0000000)
  eden space 33280K, 0% used [0x0000000795580000,0x0000000795580000,0x0000000797600000)
  from space 5120K, 99% used [0x0000000797b00000,0x0000000797ffc050,0x0000000798000000)
  to   space 5120K, 0% used [0x0000000797600000,0x0000000797600000,0x0000000797b00000)
 ParOldGen       total 87552K, used 6169K [0x0000000740000000, 0x0000000745580000, 0x0000000795580000)
  object space 87552K, 7% used [0x0000000740000000,0x00000007406065f0,0x0000000745580000)
 Metaspace       used 20548K, capacity 21032K, committed 21296K, reserved 1069056K
  class space    used 2479K, capacity 2619K, committed 2688K, reserved 1048576K
}
Event: 3.814 GC heap before
{Heap before GC invocations=3 (full 1):
 PSYoungGen      total 38400K, used 5104K [0x0000000795580000, 0x0000000798000000, 0x00000007c0000000)
  eden space 33280K, 0% used [0x0000000795580000,0x0000000795580000,0x0000000797600000)
  from space 5120K, 99% used [0x0000000797b00000,0x0000000797ffc050,0x0000000798000000)
  to   space 5120K, 0% used [0x0000000797600000,0x0000000797600000,0x0000000797b00000)
 ParOldGen       total 87552K, used 6169K [0x0000000740000000, 0x0000000745580000, 0x0000000795580000)
  object space 87552K, 7% used [0x0000000740000000,0x00000007406065f0,0x0000000745580000)
 Metaspace       used 20548K, capacity 21032K, committed 21296K, reserved 1069056K
  class space    used 2479K, capacity 2619K, committed 2688K, reserved 1048576K
Event: 3.845 GC heap after
Heap after GC invocations=3 (full 1):
 PSYoungGen      total 38400K, used 0K [0x0000000795580000, 0x0000000798000000, 0x00000007c0000000)
  eden space 33280K, 0% used [0x0000000795580000,0x0000000795580000,0x0000000797600000)
  from space 5120K, 0% used [0x0000000797b00000,0x0000000797b00000,0x0000000798000000)
  to   space 5120K, 0% used [0x0000000797600000,0x0000000797600000,0x0000000797b00000)
 ParOldGen       total 67584K, used 8903K [0x0000000740000000, 0x0000000744200000, 0x0000000795580000)
  object space 67584K, 13% used [0x0000000740000000,0x00000007408b1c20,0x0000000744200000)
 Metaspace       used 20548K, capacity 21032K, committed 21296K, reserved 1069056K
  class space    used 2479K, capacity 2619K, committed 2688K, reserved 1048576K
}
Event: 47.760 GC heap before
{Heap before GC invocations=4 (full 1):
 PSYoungGen      total 38400K, used 33280K [0x0000000795580000, 0x0000000798000000, 0x00000007c0000000)
  eden space 33280K, 100% used [0x0000000795580000,0x0000000797600000,0x0000000797600000)
  from space 5120K, 0% used [0x0000000797b00000,0x0000000797b00000,0x0000000798000000)
  to   space 5120K, 0% used [0x0000000797600000,0x0000000797600000,0x0000000797b00000)
 ParOldGen       total 67584K, used 8903K [0x0000000740000000, 0x0000000744200000, 0x0000000795580000)
  object space 67584K, 13% used [0x0000000740000000,0x00000007408b1c20,0x0000000744200000)
 Metaspace       used 26613K, capacity 27650K, committed 27776K, reserved 1073152K
  class space    used 3420K, capacity 3660K, committed 3712K, reserved 1048576K
Event: 47.766 GC heap after
Heap after GC invocations=4 (full 1):
 PSYoungGen      total 38400K, used 4110K [0x0000000795580000, 0x0000000798a00000, 0x00000007c0000000)
  eden space 33280K, 0% used [0x0000000795580000,0x0000000795580000,0x0000000797600000)
  from space 5120K, 80% used [0x0000000797600000,0x0000000797a03ae0,0x0000000797b00000)
  to   space 5120K, 0% used [0x0000000798500000,0x0000000798500000,0x0000000798a00000)
 ParOldGen       total 67584K, used 8911K [0x0000000740000000, 0x0000000744200000, 0x0000000795580000)
  object space 67584K, 13% used [0x0000000740000000,0x00000007408b3c20,0x0000000744200000)
 Metaspace       used 26613K, capacity 27650K, committed 27776K, reserved 1073152K
  class space    used 3420K, capacity 3660K, committed 3712K, reserved 1048576K
}

