# JRE version: Java(TM) SE Runtime Environment (8.0_281-b09) (build 1.8.0_281-b09)
# Java VM: Java HotSpot(TM) 64-Bit Server VM (25.281-b09 mixed mode bsd-amd64 compressed oops)
Heap:
 PSYoungGen      total 53248K, used 16458K [0x0000000795580000, 0x0000000799680000, 0x00000007c0000000)
  eden space 48128K, 23% used [0x0000000795580000,0x0000000796093530,0x0000000798480000)
  from space 5120K, 99% used [0x0000000798780000,0x0000000798c7f620,0x0000000798c80000)
  to   space 9216K, 0% used [0x0000000798d80000,0x0000000798d80000,0x0000000799680000)
 ParOldGen       total 59392K, used 13966K [0x0000000740000000, 0x0000000743a00000, 0x0000000795580000)
  object space 59392K, 23% used [0x0000000740000000,0x0000000740da3a38,0x0000000743a00000)
 Metaspace       used 30630K, capacity 32082K, committed 32128K, reserved 1077248K
  class space    used 3905K, capacity 4200K, committed 4224K, reserved 1048576K
GC Heap History (10 events):
Event: 4.176 GC heap before
{Heap before GC invocations=2 (full 0):
 PSYoungGen      total 38400K, used 27807K [0x0000000795580000, 0x0000000798000000, 0x00000007c0000000)
  eden space 33280K, 68% used [0x0000000795580000,0x0000000796ba85d0,0x0000000797600000)
  from space 5120K, 99% used [0x0000000797600000,0x0000000797aff8d0,0x0000000797b00000)
  to   space 5120K, 0% used [0x0000000797b00000,0x0000000797b00000,0x0000000798000000)
 ParOldGen       total 87552K, used 2471K [0x0000000740000000, 0x0000000745580000, 0x0000000795580000)
  object space 87552K, 2% used [0x0000000740000000,0x0000000740269da0,0x0000000745580000)
 Metaspace       used 20590K, capacity 21060K, committed 21248K, reserved 1067008K
  class space    used 2574K, capacity 2743K, committed 2816K, reserved 1048576K
Event: 4.211 GC heap after
Heap after GC invocations=2 (full 0):
 PSYoungGen      total 38400K, used 5119K [0x0000000795580000, 0x000000079a080000, 0x00000007c0000000)
  eden space 33280K, 0% used [0x0000000795580000,0x0000000795580000,0x0000000797600000)
  from space 5120K, 99% used [0x0000000797b00000,0x0000000797fffc60,0x0000000798000000)
  to   space 5120K, 0% used [0x0000000797600000,0x0000000797600000,0x0000000797b00000)
 ParOldGen       total 87552K, used 5777K [0x0000000740000000, 0x0000000745580000, 0x0000000795580000)
  object space 87552K, 6% used [0x0000000740000000,0x00000007405a45c8,0x0000000745580000)
 Metaspace       used 20590K, capacity 21060K, committed 21248K, reserved 1067008K
  class space    used 2574K, capacity 2743K, committed 2816K, reserved 1048576K
}
Event: 4.211 GC heap before
{Heap before GC invocations=3 (full 1):
 PSYoungGen      total 38400K, used 5119K [0x0000000795580000, 0x000000079a080000, 0x00000007c0000000)
  eden space 33280K, 0% used [0x0000000795580000,0x0000000795580000,0x0000000797600000)
  from space 5120K, 99% used [0x0000000797b00000,0x0000000797fffc60,0x0000000798000000)
  to   space 5120K, 0% used [0x0000000797600000,0x0000000797600000,0x0000000797b00000)
 ParOldGen       total 87552K, used 5777K [0x0000000740000000, 0x0000000745580000, 0x0000000795580000)
  object space 87552K, 6% used [0x0000000740000000,0x00000007405a45c8,0x0000000745580000)
 Metaspace       used 20590K, capacity 21060K, committed 21248K, reserved 1067008K
  class space    used 2574K, capacity 2743K, committed 2816K, reserved 1048576K
Event: 4.242 GC heap after
Heap after GC invocations=3 (full 1):
 PSYoungGen      total 38400K, used 0K [0x0000000795580000, 0x000000079a080000, 0x00000007c0000000)
  eden space 33280K, 0% used [0x0000000795580000,0x0000000795580000,0x0000000797600000)
  from space 5120K, 0% used [0x0000000797b00000,0x0000000797b00000,0x0000000798000000)
  to   space 5120K, 0% used [0x0000000797600000,0x0000000797600000,0x0000000797b00000)
 ParOldGen       total 59392K, used 9455K [0x0000000740000000, 0x0000000743a00000, 0x0000000795580000)
  object space 59392K, 15% used [0x0000000740000000,0x000000074093bc80,0x0000000743a00000)
 Metaspace       used 20590K, capacity 21060K, committed 21248K, reserved 1067008K
  class space    used 2574K, capacity 2743K, committed 2816K, reserved 1048576K
}
Event: 63.641 GC heap before
{Heap before GC invocations=4 (full 1):
 PSYoungGen      total 38400K, used 33280K [0x0000000795580000, 0x000000079a080000, 0x00000007c0000000)
  eden space 33280K, 100% used [0x0000000795580000,0x0000000797600000,0x0000000797600000)
  from space 5120K, 0% used [0x0000000797b00000,0x0000000797b00000,0x0000000798000000)
  to   space 5120K, 0% used [0x0000000797600000,0x0000000797600000,0x0000000797b00000)
 ParOldGen       total 59392K, used 9455K [0x0000000740000000, 0x0000000743a00000, 0x0000000795580000)
  object space 59392K, 15% used [0x0000000740000000,0x000000074093bc80,0x0000000743a00000)
 Metaspace       used 26810K, capacity 27734K, committed 27904K, reserved 1073152K
  class space    used 3519K, capacity 3734K, committed 3840K, reserved 1048576K
Event: 63.647 GC heap after
Heap after GC invocations=4 (full 1):
 PSYoungGen      total 38400K, used 5098K [0x0000000795580000, 0x0000000799180000, 0x00000007c0000000)
  eden space 33280K, 0% used [0x0000000795580000,0x0000000795580000,0x0000000797600000)
  from space 5120K, 99% used [0x0000000797600000,0x0000000797afaaa0,0x0000000797b00000)
  to   space 5120K, 0% used [0x0000000798c80000,0x0000000798c80000,0x0000000799180000)
 ParOldGen       total 59392K, used 9975K [0x0000000740000000, 0x0000000743a00000, 0x0000000795580000)
  object space 59392K, 16% used [0x0000000740000000,0x00000007409bdc80,0x0000000743a00000)
 Metaspace       used 26810K, capacity 27734K, committed 27904K, reserved 1073152K
  class space    used 3519K, capacity 3734K, committed 3840K, reserved 1048576K
}
Event: 85.006 GC heap before
{Heap before GC invocations=5 (full 1):
 PSYoungGen      total 38400K, used 38378K [0x0000000795580000, 0x0000000799180000, 0x00000007c0000000)
  eden space 33280K, 100% used [0x0000000795580000,0x0000000797600000,0x0000000797600000)
  from space 5120K, 99% used [0x0000000797600000,0x0000000797afaaa0,0x0000000797b00000)
  to   space 5120K, 0% used [0x0000000798c80000,0x0000000798c80000,0x0000000799180000)
 ParOldGen       total 59392K, used 9975K [0x0000000740000000, 0x0000000743a00000, 0x0000000795580000)
  object space 59392K, 16% used [0x0000000740000000,0x00000007409bdc80,0x0000000743a00000)
 Metaspace       used 28319K, capacity 29364K, committed 29568K, reserved 1075200K
  class space    used 3623K, capacity 3857K, committed 3968K, reserved 1048576K
Event: 85.013 GC heap after
Heap after GC invocations=5 (full 1):
 PSYoungGen      total 54272K, used 5112K [0x0000000795580000, 0x0000000799180000, 0x00000007c0000000)
  eden space 49152K, 0% used [0x0000000795580000,0x0000000795580000,0x0000000798580000)
  from space 5120K, 99% used [0x0000000798c80000,0x000000079917e020,0x0000000799180000)
  to   space 5120K, 0% used [0x0000000798780000,0x0000000798780000,0x0000000798c80000)
 ParOldGen       total 59392K, used 11288K [0x0000000740000000, 0x0000000743a00000, 0x0000000795580000)
  object space 59392K, 19% used [0x0000000740000000,0x0000000740b06110,0x0000000743a00000)
 Metaspace       used 28319K, capacity 29364K, committed 29568K, reserved 1075200K
  class space    used 3623K, capacity 3857K, committed 3968K, reserved 1048576K
}
Event: 169.592 GC heap before
{Heap before GC invocations=6 (full 1):
 PSYoungGen      total 54272K, used 54264K [0x0000000795580000, 0x0000000799180000, 0x00000007c0000000)
  eden space 49152K, 100% used [0x0000000795580000,0x0000000798580000,0x0000000798580000)
  from space 5120K, 99% used [0x0000000798c80000,0x000000079917e020,0x0000000799180000)
  to   space 5120K, 0% used [0x0000000798780000,0x0000000798780000,0x0000000798c80000)
 ParOldGen       total 59392K, used 11288K [0x0000000740000000, 0x0000000743a00000, 0x0000000795580000)
  object space 59392K, 19% used [0x0000000740000000,0x0000000740b06110,0x0000000743a00000)
 Metaspace       used 30486K, capacity 31868K, committed 32128K, reserved 1077248K
  class space    used 3898K, capacity 4159K, committed 4224K, reserved 1048576K
Event: 169.603 GC heap after
Heap after GC invocations=6 (full 1):
 PSYoungGen      total 53248K, used 5117K [0x0000000795580000, 0x0000000799680000, 0x00000007c0000000)
  eden space 48128K, 0% used [0x0000000795580000,0x0000000795580000,0x0000000798480000)
  from space 5120K, 99% used [0x0000000798780000,0x0000000798c7f620,0x0000000798c80000)
  to   space 9216K, 0% used [0x0000000798d80000,0x0000000798d80000,0x0000000799680000)
 ParOldGen       total 59392K, used 13966K [0x0000000740000000, 0x0000000743a00000, 0x0000000795580000)
  object space 59392K, 23% used [0x0000000740000000,0x0000000740da3a38,0x0000000743a00000)
 Metaspace       used 30486K, capacity 31868K, committed 32128K, reserved 1077248K
  class space    used 3898K, capacity 4159K, committed 4224K, reserved 1048576K
}

