# JRE version: Java(TM) SE Runtime Environment (8.0_281-b09) (build 1.8.0_281-b09)
# Java VM: Java HotSpot(TM) 64-Bit Server VM (25.281-b09 mixed mode bsd-amd64 compressed oops)
Heap:
 PSYoungGen      total 91648K, used 16543K [0x0000000795580000, 0x000000079cd00000, 0x00000007c0000000)
  eden space 64512K, 12% used [0x0000000795580000,0x0000000795d34d38,0x0000000799480000)
  from space 27136K, 31% used [0x000000079ae80000,0x000000079b6f31e0,0x000000079c900000)
  to   space 26624K, 0% used [0x0000000799480000,0x0000000799480000,0x000000079ae80000)
 ParOldGen       total 173568K, used 72898K [0x0000000740000000, 0x000000074a980000, 0x0000000795580000)
  object space 173568K, 41% used [0x0000000740000000,0x0000000744730968,0x000000074a980000)
 Metaspace       used 30115K, capacity 31548K, committed 31872K, reserved 1077248K
  class space    used 4041K, capacity 4353K, committed 4480K, reserved 1048576K
GC Heap History (10 events):
Event: 14.466 GC heap before
{Heap before GC invocations=4 (full 1):
 PSYoungGen      total 38400K, used 32288K [0x0000000795580000, 0x000000079a080000, 0x00000007c0000000)
  eden space 33280K, 97% used [0x0000000795580000,0x00000007975083c0,0x0000000797600000)
  from space 5120K, 0% used [0x0000000797b00000,0x0000000797b00000,0x0000000798000000)
  to   space 5120K, 0% used [0x0000000797600000,0x0000000797600000,0x0000000797b00000)
 ParOldGen       total 63488K, used 37397K [0x0000000740000000, 0x0000000743e00000, 0x0000000795580000)
  object space 63488K, 58% used [0x0000000740000000,0x0000000742485480,0x0000000743e00000)
 Metaspace       used 25316K, capacity 26108K, committed 26368K, reserved 1073152K
  class space    used 3338K, capacity 3551K, committed 3584K, reserved 1048576K
Event: 14.475 GC heap after
Heap after GC invocations=4 (full 1):
 PSYoungGen      total 38400K, used 5116K [0x0000000795580000, 0x0000000798e80000, 0x00000007c0000000)
  eden space 33280K, 0% used [0x0000000795580000,0x0000000795580000,0x0000000797600000)
  from space 5120K, 99% used [0x0000000797600000,0x0000000797aff030,0x0000000797b00000)
  to   space 5120K, 0% used [0x0000000798980000,0x0000000798980000,0x0000000798e80000)
 ParOldGen       total 63488K, used 40211K [0x0000000740000000, 0x0000000743e00000, 0x0000000795580000)
  object space 63488K, 63% used [0x0000000740000000,0x0000000742744c10,0x0000000743e00000)
 Metaspace       used 25316K, capacity 26108K, committed 26368K, reserved 1073152K
  class space    used 3338K, capacity 3551K, committed 3584K, reserved 1048576K
}
Event: 33.714 GC heap before
{Heap before GC invocations=5 (full 1):
 PSYoungGen      total 38400K, used 38396K [0x0000000795580000, 0x0000000798e80000, 0x00000007c0000000)
  eden space 33280K, 100% used [0x0000000795580000,0x0000000797600000,0x0000000797600000)
  from space 5120K, 99% used [0x0000000797600000,0x0000000797aff030,0x0000000797b00000)
  to   space 5120K, 0% used [0x0000000798980000,0x0000000798980000,0x0000000798e80000)
 ParOldGen       total 63488K, used 40211K [0x0000000740000000, 0x0000000743e00000, 0x0000000795580000)
  object space 63488K, 63% used [0x0000000740000000,0x0000000742744c10,0x0000000743e00000)
 Metaspace       used 28033K, capacity 29250K, committed 29440K, reserved 1075200K
  class space    used 3714K, capacity 3970K, committed 4096K, reserved 1048576K
Event: 33.725 GC heap after
Heap after GC invocations=5 (full 1):
 PSYoungGen      total 51200K, used 5107K [0x0000000795580000, 0x0000000798e80000, 0x00000007c0000000)
  eden space 46080K, 0% used [0x0000000795580000,0x0000000795580000,0x0000000798280000)
  from space 5120K, 99% used [0x0000000798980000,0x0000000798e7cd80,0x0000000798e80000)
  to   space 5120K, 0% used [0x0000000798480000,0x0000000798480000,0x0000000798980000)
 ParOldGen       total 63488K, used 46629K [0x0000000740000000, 0x0000000743e00000, 0x0000000795580000)
  object space 63488K, 73% used [0x0000000740000000,0x0000000742d89440,0x0000000743e00000)
 Metaspace       used 28033K, capacity 29250K, committed 29440K, reserved 1075200K
  class space    used 3714K, capacity 3970K, committed 4096K, reserved 1048576K
}
Event: 38.322 GC heap before
{Heap before GC invocations=6 (full 1):
 PSYoungGen      total 51200K, used 49416K [0x0000000795580000, 0x0000000798e80000, 0x00000007c0000000)
  eden space 46080K, 96% used [0x0000000795580000,0x00000007980c5280,0x0000000798280000)
  from space 5120K, 99% used [0x0000000798980000,0x0000000798e7cd80,0x0000000798e80000)
  to   space 5120K, 0% used [0x0000000798480000,0x0000000798480000,0x0000000798980000)
 ParOldGen       total 63488K, used 46629K [0x0000000740000000, 0x0000000743e00000, 0x0000000795580000)
  object space 63488K, 73% used [0x0000000740000000,0x0000000742d89440,0x0000000743e00000)
 Metaspace       used 28164K, capacity 29438K, committed 29696K, reserved 1075200K
  class space    used 3722K, capacity 3980K, committed 4096K, reserved 1048576K
Event: 38.350 GC heap after
Heap after GC invocations=6 (full 1):
 PSYoungGen      total 53248K, used 5091K [0x0000000795580000, 0x000000079c900000, 0x00000007c0000000)
  eden space 48128K, 0% used [0x0000000795580000,0x0000000795580000,0x0000000798480000)
  from space 5120K, 99% used [0x0000000798480000,0x0000000798978d70,0x0000000798980000)
  to   space 27136K, 0% used [0x000000079ae80000,0x000000079ae80000,0x000000079c900000)
 ParOldGen       total 90624K, used 74239K [0x0000000740000000, 0x0000000745880000, 0x0000000795580000)
  object space 90624K, 81% used [0x0000000740000000,0x000000074487fe90,0x0000000745880000)
 Metaspace       used 28164K, capacity 29438K, committed 29696K, reserved 1075200K
  class space    used 3722K, capacity 3980K, committed 4096K, reserved 1048576K
}
Event: 38.350 GC heap before
{Heap before GC invocations=7 (full 2):
 PSYoungGen      total 53248K, used 5091K [0x0000000795580000, 0x000000079c900000, 0x00000007c0000000)
  eden space 48128K, 0% used [0x0000000795580000,0x0000000795580000,0x0000000798480000)
  from space 5120K, 99% used [0x0000000798480000,0x0000000798978d70,0x0000000798980000)
  to   space 27136K, 0% used [0x000000079ae80000,0x000000079ae80000,0x000000079c900000)
 ParOldGen       total 90624K, used 74239K [0x0000000740000000, 0x0000000745880000, 0x0000000795580000)
  object space 90624K, 81% used [0x0000000740000000,0x000000074487fe90,0x0000000745880000)
 Metaspace       used 28164K, capacity 29438K, committed 29696K, reserved 1075200K
  class space    used 3722K, capacity 3980K, committed 4096K, reserved 1048576K
Event: 38.426 GC heap after
Heap after GC invocations=7 (full 2):
 PSYoungGen      total 53248K, used 0K [0x0000000795580000, 0x000000079c900000, 0x00000007c0000000)
  eden space 48128K, 0% used [0x0000000795580000,0x0000000795580000,0x0000000798480000)
  from space 5120K, 0% used [0x0000000798480000,0x0000000798480000,0x0000000798980000)
  to   space 27136K, 0% used [0x000000079ae80000,0x000000079ae80000,0x000000079c900000)
 ParOldGen       total 173568K, used 72890K [0x0000000740000000, 0x000000074a980000, 0x0000000795580000)
  object space 173568K, 41% used [0x0000000740000000,0x000000074472e968,0x000000074a980000)
 Metaspace       used 28164K, capacity 29438K, committed 29696K, reserved 1075200K
  class space    used 3722K, capacity 3980K, committed 4096K, reserved 1048576K
}
Event: 60.477 GC heap before
{Heap before GC invocations=8 (full 2):
 PSYoungGen      total 53248K, used 48128K [0x0000000795580000, 0x000000079c900000, 0x00000007c0000000)
  eden space 48128K, 100% used [0x0000000795580000,0x0000000798480000,0x0000000798480000)
  from space 5120K, 0% used [0x0000000798480000,0x0000000798480000,0x0000000798980000)
  to   space 27136K, 0% used [0x000000079ae80000,0x000000079ae80000,0x000000079c900000)
 ParOldGen       total 173568K, used 72890K [0x0000000740000000, 0x000000074a980000, 0x0000000795580000)
  object space 173568K, 41% used [0x0000000740000000,0x000000074472e968,0x000000074a980000)
 Metaspace       used 30041K, capacity 31484K, committed 31616K, reserved 1077248K
  class space    used 4041K, capacity 4353K, committed 4480K, reserved 1048576K
Event: 60.486 GC heap after
Heap after GC invocations=8 (full 2):
 PSYoungGen      total 91648K, used 8652K [0x0000000795580000, 0x000000079cd00000, 0x00000007c0000000)
  eden space 64512K, 0% used [0x0000000795580000,0x0000000795580000,0x0000000799480000)
  from space 27136K, 31% used [0x000000079ae80000,0x000000079b6f31e0,0x000000079c900000)
  to   space 26624K, 0% used [0x0000000799480000,0x0000000799480000,0x000000079ae80000)
 ParOldGen       total 173568K, used 72898K [0x0000000740000000, 0x000000074a980000, 0x0000000795580000)
  object space 173568K, 41% used [0x0000000740000000,0x0000000744730968,0x000000074a980000)
 Metaspace       used 30041K, capacity 31484K, committed 31616K, reserved 1077248K
  class space    used 4041K, capacity 4353K, committed 4480K, reserved 1048576K
}

