# JRE version: Java(TM) SE Runtime Environment (8.0_281-b09) (build 1.8.0_281-b09)
# Java VM: Java HotSpot(TM) 64-Bit Server VM (25.281-b09 mixed mode bsd-amd64 compressed oops)
Heap:
 PSYoungGen      total 38400K, used 6617K [0x0000000795580000, 0x0000000798980000, 0x00000007c0000000)
  eden space 33280K, 4% used [0x0000000795580000,0x00000007956f7488,0x0000000797600000)
  from space 5120K, 99% used [0x0000000797600000,0x0000000797aff020,0x0000000797b00000)
  to   space 5120K, 0% used [0x0000000798480000,0x0000000798480000,0x0000000798980000)
 ParOldGen       total 68096K, used 8872K [0x0000000740000000, 0x0000000744280000, 0x0000000795580000)
  object space 68096K, 13% used [0x0000000740000000,0x00000007408aa2e8,0x0000000744280000)
 Metaspace       used 26211K, capacity 27226K, committed 27520K, reserved 1073152K
  class space    used 3383K, capacity 3610K, committed 3712K, reserved 1048576K
GC Heap History (8 events):
Event: 1.171 GC heap before
{Heap before GC invocations=1 (full 0):
 PSYoungGen      total 38400K, used 33280K [0x0000000795580000, 0x0000000798000000, 0x00000007c0000000)
  eden space 33280K, 100% used [0x0000000795580000,0x0000000797600000,0x0000000797600000)
  from space 5120K, 0% used [0x0000000797b00000,0x0000000797b00000,0x0000000798000000)
  to   space 5120K, 0% used [0x0000000797600000,0x0000000797600000,0x0000000797b00000)
 ParOldGen       total 87552K, used 0K [0x0000000740000000, 0x0000000745580000, 0x0000000795580000)
  object space 87552K, 0% used [0x0000000740000000,0x0000000740000000,0x0000000745580000)
 Metaspace       used 12489K, capacity 12900K, committed 13184K, reserved 1060864K
  class space    used 1440K, capacity 1578K, committed 1664K, reserved 1048576K
Event: 1.178 GC heap after
Heap after GC invocations=1 (full 0):
 PSYoungGen      total 38400K, used 5118K [0x0000000795580000, 0x0000000798000000, 0x00000007c0000000)
  eden space 33280K, 0% used [0x0000000795580000,0x0000000795580000,0x0000000797600000)
  from space 5120K, 99% used [0x0000000797600000,0x0000000797aff8b0,0x0000000797b00000)
  to   space 5120K, 0% used [0x0000000797b00000,0x0000000797b00000,0x0000000798000000)
 ParOldGen       total 87552K, used 2463K [0x0000000740000000, 0x0000000745580000, 0x0000000795580000)
  object space 87552K, 2% used [0x0000000740000000,0x0000000740267fe0,0x0000000745580000)
 Metaspace       used 12489K, capacity 12900K, committed 13184K, reserved 1060864K
  class space    used 1440K, capacity 1578K, committed 1664K, reserved 1048576K
}
Event: 3.376 GC heap before
{Heap before GC invocations=2 (full 0):
 PSYoungGen      total 38400K, used 29391K [0x0000000795580000, 0x0000000798000000, 0x00000007c0000000)
  eden space 33280K, 72% used [0x0000000795580000,0x0000000796d34570,0x0000000797600000)
  from space 5120K, 99% used [0x0000000797600000,0x0000000797aff8b0,0x0000000797b00000)
  to   space 5120K, 0% used [0x0000000797b00000,0x0000000797b00000,0x0000000798000000)
 ParOldGen       total 87552K, used 2463K [0x0000000740000000, 0x0000000745580000, 0x0000000795580000)
  object space 87552K, 2% used [0x0000000740000000,0x0000000740267fe0,0x0000000745580000)
 Metaspace       used 20520K, capacity 21032K, committed 21296K, reserved 1069056K
  class space    used 2470K, capacity 2619K, committed 2688K, reserved 1048576K
Event: 3.383 GC heap after
Heap after GC invocations=2 (full 0):
 PSYoungGen      total 38400K, used 5104K [0x0000000795580000, 0x0000000798000000, 0x00000007c0000000)
  eden space 33280K, 0% used [0x0000000795580000,0x0000000795580000,0x0000000797600000)
  from space 5120K, 99% used [0x0000000797b00000,0x0000000797ffc030,0x0000000798000000)
  to   space 5120K, 0% used [0x0000000797600000,0x0000000797600000,0x0000000797b00000)
 ParOldGen       total 87552K, used 6170K [0x0000000740000000, 0x0000000745580000, 0x0000000795580000)
  object space 87552K, 7% used [0x0000000740000000,0x0000000740606850,0x0000000745580000)
 Metaspace       used 20520K, capacity 21032K, committed 21296K, reserved 1069056K
  class space    used 2470K, capacity 2619K, committed 2688K, reserved 1048576K
}
Event: 3.383 GC heap before
{Heap before GC invocations=3 (full 1):
 PSYoungGen      total 38400K, used 5104K [0x0000000795580000, 0x0000000798000000, 0x00000007c0000000)
  eden space 33280K, 0% used [0x0000000795580000,0x0000000795580000,0x0000000797600000)
  from space 5120K, 99% used [0x0000000797b00000,0x0000000797ffc030,0x0000000798000000)
  to   space 5120K, 0% used [0x0000000797600000,0x0000000797600000,0x0000000797b00000)
 ParOldGen       total 87552K, used 6170K [0x0000000740000000, 0x0000000745580000, 0x0000000795580000)
  object space 87552K, 7% used [0x0000000740000000,0x0000000740606850,0x0000000745580000)
 Metaspace       used 20520K, capacity 21032K, committed 21296K, reserved 1069056K
  class space    used 2470K, capacity 2619K, committed 2688K, reserved 1048576K
Event: 3.411 GC heap after
Heap after GC invocations=3 (full 1):
 PSYoungGen      total 38400K, used 0K [0x0000000795580000, 0x0000000798000000, 0x00000007c0000000)
  eden space 33280K, 0% used [0x0000000795580000,0x0000000795580000,0x0000000797600000)
  from space 5120K, 0% used [0x0000000797b00000,0x0000000797b00000,0x0000000798000000)
  to   space 5120K, 0% used [0x0000000797600000,0x0000000797600000,0x0000000797b00000)
 ParOldGen       total 68096K, used 8864K [0x0000000740000000, 0x0000000744280000, 0x0000000795580000)
  object space 68096K, 13% used [0x0000000740000000,0x00000007408a82e8,0x0000000744280000)
 Metaspace       used 20520K, capacity 21032K, committed 21296K, reserved 1069056K
  class space    used 2470K, capacity 2619K, committed 2688K, reserved 1048576K
}
Event: 40.919 GC heap before
{Heap before GC invocations=4 (full 1):
 PSYoungGen      total 38400K, used 33280K [0x0000000795580000, 0x0000000798000000, 0x00000007c0000000)
  eden space 33280K, 100% used [0x0000000795580000,0x0000000797600000,0x0000000797600000)
  from space 5120K, 0% used [0x0000000797b00000,0x0000000797b00000,0x0000000798000000)
  to   space 5120K, 0% used [0x0000000797600000,0x0000000797600000,0x0000000797b00000)
 ParOldGen       total 68096K, used 8864K [0x0000000740000000, 0x0000000744280000, 0x0000000795580000)
  object space 68096K, 13% used [0x0000000740000000,0x00000007408a82e8,0x0000000744280000)
 Metaspace       used 26196K, capacity 27162K, committed 27264K, reserved 1073152K
  class space    used 3383K, capacity 3610K, committed 3712K, reserved 1048576K
Event: 40.922 GC heap after
Heap after GC invocations=4 (full 1):
 PSYoungGen      total 38400K, used 5116K [0x0000000795580000, 0x0000000798980000, 0x00000007c0000000)
  eden space 33280K, 0% used [0x0000000795580000,0x0000000795580000,0x0000000797600000)
  from space 5120K, 99% used [0x0000000797600000,0x0000000797aff020,0x0000000797b00000)
  to   space 5120K, 0% used [0x0000000798480000,0x0000000798480000,0x0000000798980000)
 ParOldGen       total 68096K, used 8872K [0x0000000740000000, 0x0000000744280000, 0x0000000795580000)
  object space 68096K, 13% used [0x0000000740000000,0x00000007408aa2e8,0x0000000744280000)
 Metaspace       used 26196K, capacity 27162K, committed 27264K, reserved 1073152K
  class space    used 3383K, capacity 3610K, committed 3712K, reserved 1048576K
}

