# JRE version: Java(TM) SE Runtime Environment (8.0_281-b09) (build 1.8.0_281-b09)
# Java VM: Java HotSpot(TM) 64-Bit Server VM (25.281-b09 mixed mode bsd-amd64 compressed oops)
Heap:
 PSYoungGen      total 38400K, used 22157K [0x0000000795580000, 0x0000000799400000, 0x00000007c0000000)
  eden space 33280K, 53% used [0x0000000795580000,0x000000079670ad40,0x0000000797600000)
  from space 5120K, 81% used [0x0000000797b00000,0x0000000797f18750,0x0000000798000000)
  to   space 5120K, 0% used [0x0000000797600000,0x0000000797600000,0x0000000797b00000)
 ParOldGen       total 91136K, used 37528K [0x0000000740000000, 0x0000000745900000, 0x0000000795580000)
  object space 91136K, 41% used [0x0000000740000000,0x00000007424a61d8,0x0000000745900000)
 Metaspace       used 27802K, capacity 29050K, committed 29312K, reserved 1075200K
  class space    used 3704K, capacity 3968K, committed 3968K, reserved 1048576K
GC Heap History (10 events):
Event: 2.799 GC heap before
{Heap before GC invocations=1 (full 0):
 PSYoungGen      total 38400K, used 33280K [0x0000000795580000, 0x0000000798000000, 0x00000007c0000000)
  eden space 33280K, 100% used [0x0000000795580000,0x0000000797600000,0x0000000797600000)
  from space 5120K, 0% used [0x0000000797b00000,0x0000000797b00000,0x0000000798000000)
  to   space 5120K, 0% used [0x0000000797600000,0x0000000797600000,0x0000000797b00000)
 ParOldGen       total 87552K, used 0K [0x0000000740000000, 0x0000000745580000, 0x0000000795580000)
  object space 87552K, 0% used [0x0000000740000000,0x0000000740000000,0x0000000745580000)
 Metaspace       used 12537K, capacity 12964K, committed 13184K, reserved 1060864K
  class space    used 1443K, capacity 1578K, committed 1664K, reserved 1048576K
Event: 2.807 GC heap after
Heap after GC invocations=1 (full 0):
 PSYoungGen      total 38400K, used 5113K [0x0000000795580000, 0x0000000798000000, 0x00000007c0000000)
  eden space 33280K, 0% used [0x0000000795580000,0x0000000795580000,0x0000000797600000)
  from space 5120K, 99% used [0x0000000797600000,0x0000000797afe470,0x0000000797b00000)
  to   space 5120K, 0% used [0x0000000797b00000,0x0000000797b00000,0x0000000798000000)
 ParOldGen       total 87552K, used 2482K [0x0000000740000000, 0x0000000745580000, 0x0000000795580000)
  object space 87552K, 2% used [0x0000000740000000,0x000000074026c9c0,0x0000000745580000)
 Metaspace       used 12537K, capacity 12964K, committed 13184K, reserved 1060864K
  class space    used 1443K, capacity 1578K, committed 1664K, reserved 1048576K
}
Event: 7.343 GC heap before
{Heap before GC invocations=2 (full 0):
 PSYoungGen      total 38400K, used 38393K [0x0000000795580000, 0x0000000798000000, 0x00000007c0000000)
  eden space 33280K, 100% used [0x0000000795580000,0x0000000797600000,0x0000000797600000)
  from space 5120K, 99% used [0x0000000797600000,0x0000000797afe470,0x0000000797b00000)
  to   space 5120K, 0% used [0x0000000797b00000,0x0000000797b00000,0x0000000798000000)
 ParOldGen       total 87552K, used 29482K [0x0000000740000000, 0x0000000745580000, 0x0000000795580000)
  object space 87552K, 33% used [0x0000000740000000,0x0000000741cca9d0,0x0000000745580000)
 Metaspace       used 19885K, capacity 20390K, committed 20736K, reserved 1067008K
  class space    used 2385K, capacity 2512K, committed 2560K, reserved 1048576K
Event: 7.352 GC heap after
Heap after GC invocations=2 (full 0):
 PSYoungGen      total 38400K, used 5097K [0x0000000795580000, 0x0000000798000000, 0x00000007c0000000)
  eden space 33280K, 0% used [0x0000000795580000,0x0000000795580000,0x0000000797600000)
  from space 5120K, 99% used [0x0000000797b00000,0x0000000797ffa480,0x0000000798000000)
  to   space 5120K, 0% used [0x0000000797600000,0x0000000797600000,0x0000000797b00000)
 ParOldGen       total 87552K, used 32412K [0x0000000740000000, 0x0000000745580000, 0x0000000795580000)
  object space 87552K, 37% used [0x0000000740000000,0x0000000741fa7170,0x0000000745580000)
 Metaspace       used 19885K, capacity 20390K, committed 20736K, reserved 1067008K
  class space    used 2385K, capacity 2512K, committed 2560K, reserved 1048576K
}
Event: 7.596 GC heap before
{Heap before GC invocations=3 (full 0):
 PSYoungGen      total 38400K, used 11799K [0x0000000795580000, 0x0000000798000000, 0x00000007c0000000)
  eden space 33280K, 20% used [0x0000000795580000,0x0000000795c0ba70,0x0000000797600000)
  from space 5120K, 99% used [0x0000000797b00000,0x0000000797ffa480,0x0000000798000000)
  to   space 5120K, 0% used [0x0000000797600000,0x0000000797600000,0x0000000797b00000)
 ParOldGen       total 87552K, used 32412K [0x0000000740000000, 0x0000000745580000, 0x0000000795580000)
  object space 87552K, 37% used [0x0000000740000000,0x0000000741fa7170,0x0000000745580000)
 Metaspace       used 20554K, capacity 21062K, committed 21296K, reserved 1069056K
  class space    used 2489K, capacity 2650K, committed 2688K, reserved 1048576K
Event: 7.601 GC heap after
Heap after GC invocations=3 (full 0):
 PSYoungGen      total 38400K, used 5104K [0x0000000795580000, 0x0000000798000000, 0x00000007c0000000)
  eden space 33280K, 0% used [0x0000000795580000,0x0000000795580000,0x0000000797600000)
  from space 5120K, 99% used [0x0000000797600000,0x0000000797afc050,0x0000000797b00000)
  to   space 5120K, 0% used [0x0000000797b00000,0x0000000797b00000,0x0000000798000000)
 ParOldGen       total 87552K, used 35556K [0x0000000740000000, 0x0000000745580000, 0x0000000795580000)
  object space 87552K, 40% used [0x0000000740000000,0x00000007422b9120,0x0000000745580000)
 Metaspace       used 20554K, capacity 21062K, committed 21296K, reserved 1069056K
  class space    used 2489K, capacity 2650K, committed 2688K, reserved 1048576K
}
Event: 7.601 GC heap before
{Heap before GC invocations=4 (full 1):
 PSYoungGen      total 38400K, used 5104K [0x0000000795580000, 0x0000000798000000, 0x00000007c0000000)
  eden space 33280K, 0% used [0x0000000795580000,0x0000000795580000,0x0000000797600000)
  from space 5120K, 99% used [0x0000000797600000,0x0000000797afc050,0x0000000797b00000)
  to   space 5120K, 0% used [0x0000000797b00000,0x0000000797b00000,0x0000000798000000)
 ParOldGen       total 87552K, used 35556K [0x0000000740000000, 0x0000000745580000, 0x0000000795580000)
  object space 87552K, 40% used [0x0000000740000000,0x00000007422b9120,0x0000000745580000)
 Metaspace       used 20554K, capacity 21062K, committed 21296K, reserved 1069056K
  class space    used 2489K, capacity 2650K, committed 2688K, reserved 1048576K
Event: 7.630 GC heap after
Heap after GC invocations=4 (full 1):
 PSYoungGen      total 38400K, used 0K [0x0000000795580000, 0x0000000798000000, 0x00000007c0000000)
  eden space 33280K, 0% used [0x0000000795580000,0x0000000795580000,0x0000000797600000)
  from space 5120K, 0% used [0x0000000797600000,0x0000000797600000,0x0000000797b00000)
  to   space 5120K, 0% used [0x0000000797b00000,0x0000000797b00000,0x0000000798000000)
 ParOldGen       total 91136K, used 37520K [0x0000000740000000, 0x0000000745900000, 0x0000000795580000)
  object space 91136K, 41% used [0x0000000740000000,0x00000007424a41d8,0x0000000745900000)
 Metaspace       used 20554K, capacity 21062K, committed 21296K, reserved 1069056K
  class space    used 2489K, capacity 2650K, committed 2688K, reserved 1048576K
}
Event: 10.586 GC heap before
{Heap before GC invocations=5 (full 1):
 PSYoungGen      total 38400K, used 30964K [0x0000000795580000, 0x0000000798000000, 0x00000007c0000000)
  eden space 33280K, 93% used [0x0000000795580000,0x00000007973bd030,0x0000000797600000)
  from space 5120K, 0% used [0x0000000797600000,0x0000000797600000,0x0000000797b00000)
  to   space 5120K, 0% used [0x0000000797b00000,0x0000000797b00000,0x0000000798000000)
 ParOldGen       total 91136K, used 37520K [0x0000000740000000, 0x0000000745900000, 0x0000000795580000)
  object space 91136K, 41% used [0x0000000740000000,0x00000007424a41d8,0x0000000745900000)
 Metaspace       used 25208K, capacity 26214K, committed 26368K, reserved 1073152K
  class space    used 3278K, capacity 3496K, committed 3584K, reserved 1048576K
Event: 10.590 GC heap after
Heap after GC invocations=5 (full 1):
 PSYoungGen      total 38400K, used 4193K [0x0000000795580000, 0x0000000799400000, 0x00000007c0000000)
  eden space 33280K, 0% used [0x0000000795580000,0x0000000795580000,0x0000000797600000)
  from space 5120K, 81% used [0x0000000797b00000,0x0000000797f18750,0x0000000798000000)
  to   space 5120K, 0% used [0x0000000797600000,0x0000000797600000,0x0000000797b00000)
 ParOldGen       total 91136K, used 37528K [0x0000000740000000, 0x0000000745900000, 0x0000000795580000)
  object space 91136K, 41% used [0x0000000740000000,0x00000007424a61d8,0x0000000745900000)
 Metaspace       used 25208K, capacity 26214K, committed 26368K, reserved 1073152K
  class space    used 3278K, capacity 3496K, committed 3584K, reserved 1048576K
}

