# JRE version: Java(TM) SE Runtime Environment (8.0_281-b09) (build 1.8.0_281-b09)
# Java VM: Java HotSpot(TM) 64-Bit Server VM (25.281-b09 mixed mode bsd-amd64 compressed oops)
Heap:
 PSYoungGen      total 131072K, used 5614K [0x0000000795580000, 0x00000007a5a00000, 0x00000007c0000000)
  eden space 118272K, 4% used [0x0000000795580000,0x0000000795afb960,0x000000079c900000)
  from space 12800K, 0% used [0x000000079c900000,0x000000079c900000,0x000000079d580000)
  to   space 27648K, 0% used [0x00000007a3f00000,0x00000007a3f00000,0x00000007a5a00000)
 ParOldGen       total 147968K, used 82370K [0x0000000740000000, 0x0000000749080000, 0x0000000795580000)
  object space 147968K, 55% used [0x0000000740000000,0x0000000745070a80,0x0000000749080000)
 Metaspace       used 31611K, capacity 33206K, committed 33408K, reserved 1079296K
  class space    used 4130K, capacity 4430K, committed 4480K, reserved 1048576K
GC Heap History (10 events):
Event: 10.763 GC heap before
{Heap before GC invocations=5 (full 1):
 PSYoungGen      total 38400K, used 33280K [0x0000000795580000, 0x000000079a080000, 0x00000007c0000000)
  eden space 33280K, 100% used [0x0000000795580000,0x0000000797600000,0x0000000797600000)
  from space 5120K, 0% used [0x0000000797600000,0x0000000797600000,0x0000000797b00000)
  to   space 5120K, 0% used [0x0000000799b80000,0x0000000799b80000,0x000000079a080000)
 ParOldGen       total 84992K, used 38858K [0x0000000740000000, 0x0000000745300000, 0x0000000795580000)
  object space 84992K, 45% used [0x0000000740000000,0x00000007425f2a80,0x0000000745300000)
 Metaspace       used 25357K, capacity 26318K, committed 26624K, reserved 1073152K
  class space    used 3301K, capacity 3522K, committed 3584K, reserved 1048576K
Event: 10.771 GC heap after
Heap after GC invocations=5 (full 1):
 PSYoungGen      total 68608K, used 5100K [0x0000000795580000, 0x000000079a080000, 0x00000007c0000000)
  eden space 63488K, 0% used [0x0000000795580000,0x0000000795580000,0x0000000799380000)
  from space 5120K, 99% used [0x0000000799b80000,0x000000079a07b090,0x000000079a080000)
  to   space 5120K, 0% used [0x0000000799680000,0x0000000799680000,0x0000000799b80000)
 ParOldGen       total 84992K, used 43118K [0x0000000740000000, 0x0000000745300000, 0x0000000795580000)
  object space 84992K, 50% used [0x0000000740000000,0x0000000742a1baa0,0x0000000745300000)
 Metaspace       used 25357K, capacity 26318K, committed 26624K, reserved 1073152K
  class space    used 3301K, capacity 3522K, committed 3584K, reserved 1048576K
}
Event: 30.348 GC heap before
{Heap before GC invocations=6 (full 1):
 PSYoungGen      total 68608K, used 68588K [0x0000000795580000, 0x000000079a080000, 0x00000007c0000000)
  eden space 63488K, 100% used [0x0000000795580000,0x0000000799380000,0x0000000799380000)
  from space 5120K, 99% used [0x0000000799b80000,0x000000079a07b090,0x000000079a080000)
  to   space 5120K, 0% used [0x0000000799680000,0x0000000799680000,0x0000000799b80000)
 ParOldGen       total 84992K, used 43118K [0x0000000740000000, 0x0000000745300000, 0x0000000795580000)
  object space 84992K, 50% used [0x0000000740000000,0x0000000742a1baa0,0x0000000745300000)
 Metaspace       used 29924K, capacity 31336K, committed 31488K, reserved 1077248K
  class space    used 4066K, capacity 4351K, committed 4352K, reserved 1048576K
Event: 30.360 GC heap after
Heap after GC invocations=6 (full 1):
 PSYoungGen      total 71680K, used 5089K [0x0000000795580000, 0x000000079e180000, 0x00000007c0000000)
  eden space 66560K, 0% used [0x0000000795580000,0x0000000795580000,0x0000000799680000)
  from space 5120K, 99% used [0x0000000799680000,0x0000000799b78620,0x0000000799b80000)
  to   space 12288K, 0% used [0x000000079d580000,0x000000079d580000,0x000000079e180000)
 ParOldGen       total 84992K, used 50523K [0x0000000740000000, 0x0000000745300000, 0x0000000795580000)
  object space 84992K, 59% used [0x0000000740000000,0x0000000743156ed0,0x0000000745300000)
 Metaspace       used 29924K, capacity 31336K, committed 31488K, reserved 1077248K
  class space    used 4066K, capacity 4351K, committed 4352K, reserved 1048576K
}
Event: 53.918 GC heap before
{Heap before GC invocations=7 (full 1):
 PSYoungGen      total 71680K, used 71649K [0x0000000795580000, 0x000000079e180000, 0x00000007c0000000)
  eden space 66560K, 100% used [0x0000000795580000,0x0000000799680000,0x0000000799680000)
  from space 5120K, 99% used [0x0000000799680000,0x0000000799b78620,0x0000000799b80000)
  to   space 12288K, 0% used [0x000000079d580000,0x000000079d580000,0x000000079e180000)
 ParOldGen       total 84992K, used 50523K [0x0000000740000000, 0x0000000745300000, 0x0000000795580000)
  object space 84992K, 59% used [0x0000000740000000,0x0000000743156ed0,0x0000000745300000)
 Metaspace       used 31166K, capacity 32684K, committed 32896K, reserved 1077248K
  class space    used 4121K, capacity 4419K, committed 4480K, reserved 1048576K
Event: 53.934 GC heap after
Heap after GC invocations=7 (full 1):
 PSYoungGen      total 130560K, used 7345K [0x0000000795580000, 0x000000079e580000, 0x00000007c0000000)
  eden space 118272K, 0% used [0x0000000795580000,0x0000000795580000,0x000000079c900000)
  from space 12288K, 59% used [0x000000079d580000,0x000000079dcac670,0x000000079e180000)
  to   space 12800K, 0% used [0x000000079c900000,0x000000079c900000,0x000000079d580000)
 ParOldGen       total 84992K, used 50531K [0x0000000740000000, 0x0000000745300000, 0x0000000795580000)
  object space 84992K, 59% used [0x0000000740000000,0x0000000743158ed0,0x0000000745300000)
 Metaspace       used 31166K, capacity 32684K, committed 32896K, reserved 1077248K
  class space    used 4121K, capacity 4419K, committed 4480K, reserved 1048576K
}
Event: 94.970 GC heap before
{Heap before GC invocations=8 (full 1):
 PSYoungGen      total 130560K, used 125617K [0x0000000795580000, 0x000000079e580000, 0x00000007c0000000)
  eden space 118272K, 100% used [0x0000000795580000,0x000000079c900000,0x000000079c900000)
  from space 12288K, 59% used [0x000000079d580000,0x000000079dcac670,0x000000079e180000)
  to   space 12800K, 0% used [0x000000079c900000,0x000000079c900000,0x000000079d580000)
 ParOldGen       total 84992K, used 50531K [0x0000000740000000, 0x0000000745300000, 0x0000000795580000)
  object space 84992K, 59% used [0x0000000740000000,0x0000000743158ed0,0x0000000745300000)
 Metaspace       used 31595K, capacity 33206K, committed 33408K, reserved 1079296K
  class space    used 4130K, capacity 4430K, committed 4480K, reserved 1048576K
Event: 94.995 GC heap after
Heap after GC invocations=8 (full 1):
 PSYoungGen      total 131072K, used 12784K [0x0000000795580000, 0x00000007a5a00000, 0x00000007c0000000)
  eden space 118272K, 0% used [0x0000000795580000,0x0000000795580000,0x000000079c900000)
  from space 12800K, 99% used [0x000000079c900000,0x000000079d57c010,0x000000079d580000)
  to   space 27648K, 0% used [0x00000007a3f00000,0x00000007a3f00000,0x00000007a5a00000)
 ParOldGen       total 84992K, used 77843K [0x0000000740000000, 0x0000000745300000, 0x0000000795580000)
  object space 84992K, 91% used [0x0000000740000000,0x0000000744c04ee0,0x0000000745300000)
 Metaspace       used 31595K, capacity 33206K, committed 33408K, reserved 1079296K
  class space    used 4130K, capacity 4430K, committed 4480K, reserved 1048576K
}
Event: 94.995 GC heap before
{Heap before GC invocations=9 (full 2):
 PSYoungGen      total 131072K, used 12784K [0x0000000795580000, 0x00000007a5a00000, 0x00000007c0000000)
  eden space 118272K, 0% used [0x0000000795580000,0x0000000795580000,0x000000079c900000)
  from space 12800K, 99% used [0x000000079c900000,0x000000079d57c010,0x000000079d580000)
  to   space 27648K, 0% used [0x00000007a3f00000,0x00000007a3f00000,0x00000007a5a00000)
 ParOldGen       total 84992K, used 77843K [0x0000000740000000, 0x0000000745300000, 0x0000000795580000)
  object space 84992K, 91% used [0x0000000740000000,0x0000000744c04ee0,0x0000000745300000)
 Metaspace       used 31595K, capacity 33206K, committed 33408K, reserved 1079296K
  class space    used 4130K, capacity 4430K, committed 4480K, reserved 1048576K
Event: 95.071 GC heap after
Heap after GC invocations=9 (full 2):
 PSYoungGen      total 131072K, used 0K [0x0000000795580000, 0x00000007a5a00000, 0x00000007c0000000)
  eden space 118272K, 0% used [0x0000000795580000,0x0000000795580000,0x000000079c900000)
  from space 12800K, 0% used [0x000000079c900000,0x000000079c900000,0x000000079d580000)
  to   space 27648K, 0% used [0x00000007a3f00000,0x00000007a3f00000,0x00000007a5a00000)
 ParOldGen       total 147968K, used 82370K [0x0000000740000000, 0x0000000749080000, 0x0000000795580000)
  object space 147968K, 55% used [0x0000000740000000,0x0000000745070a80,0x0000000749080000)
 Metaspace       used 31595K, capacity 33206K, committed 33408K, reserved 1079296K
  class space    used 4130K, capacity 4430K, committed 4480K, reserved 1048576K
}

